TN:
SF:client\src\App.jsx
FN:7,App
FNF:1
FNH:1
FNDA:5,App
DA:8,5
LF:1
LH:1
BRF:0
BRH:0
end_of_record
TN:
SF:client\src\components\RoomList.jsx
FN:6,RoomList
FN:14,(anonymous_1)
FN:25,(anonymous_2)
FN:29,(anonymous_3)
FN:40,(anonymous_4)
FNF:5
FNH:5
FNDA:18,RoomList
FNDA:3,(anonymous_1)
FNDA:54,(anonymous_2)
FNDA:1,(anonymous_3)
FNDA:5,(anonymous_4)
DA:12,18
DA:14,18
DA:15,3
DA:16,3
DA:17,3
DA:21,18
DA:26,54
DA:29,1
DA:40,5
LF:9
LH:9
BRDA:15,0,0,3
BRDA:15,0,1,0
BRDA:28,1,0,18
BRDA:28,1,1,36
BRF:4
BRH:3
end_of_record
TN:
SF:server\controllers\messageController.js
FN:4,(anonymous_0)
FN:10,(anonymous_1)
FN:15,(anonymous_2)
FNF:3
FNH:0
FNDA:0,(anonymous_0)
FNDA:0,(anonymous_1)
FNDA:0,(anonymous_2)
DA:1,1
DA:4,1
DA:5,0
DA:6,0
DA:10,1
DA:11,0
DA:15,1
DA:16,0
LF:8
LH:4
BRF:0
BRH:0
end_of_record
TN:
SF:server\controllers\userController.js
FN:4,(anonymous_0)
FN:13,(anonymous_1)
FN:22,(anonymous_2)
FN:27,(anonymous_3)
FNF:4
FNH:1
FNDA:0,(anonymous_0)
FNDA:0,(anonymous_1)
FNDA:0,(anonymous_2)
FNDA:1,(anonymous_3)
DA:1,1
DA:4,1
DA:5,0
DA:13,1
DA:14,0
DA:22,1
DA:23,0
DA:27,1
DA:28,1
LF:9
LH:6
BRF:0
BRH:0
end_of_record
TN:
SF:server\models\Message.js
FNF:0
FNH:0
DA:1,1
DA:3,1
DA:13,1
LF:3
LH:3
BRF:0
BRH:0
end_of_record
TN:
SF:server\models\User.js
FNF:0
FNH:0
DA:1,1
DA:3,1
DA:9,1
LF:3
LH:3
BRF:0
BRH:0
end_of_record
TN:
SF:server\socket\index.js
FN:7,(anonymous_0)
FN:8,(anonymous_1)
FN:12,(anonymous_2)
FN:21,(anonymous_3)
FN:28,(anonymous_4)
FN:37,(anonymous_5)
FN:53,(anonymous_6)
FN:63,(anonymous_7)
FN:79,(anonymous_8)
FNF:9
FNH:3
FNDA:1,(anonymous_0)
FNDA:1,(anonymous_1)
FNDA:0,(anonymous_2)
FNDA:0,(anonymous_3)
FNDA:0,(anonymous_4)
FNDA:0,(anonymous_5)
FNDA:0,(anonymous_6)
FNDA:0,(anonymous_7)
FNDA:1,(anonymous_8)
DA:1,1
DA:2,1
DA:5,1
DA:7,1
DA:8,1
DA:9,1
DA:12,1
DA:13,0
DA:14,0
DA:15,0
DA:16,0
DA:17,0
DA:21,1
DA:22,0
DA:23,0
DA:24,0
DA:28,1
DA:29,0
DA:30,0
DA:31,0
DA:33,0
DA:37,1
DA:38,0
DA:39,0
DA:40,0
DA:48,0
DA:49,0
DA:53,1
DA:54,0
DA:55,0
DA:57,0
DA:59,0
DA:63,1
DA:64,0
DA:65,0
DA:73,0
DA:74,0
DA:75,0
DA:79,1
DA:80,1
DA:81,0
DA:82,0
DA:83,0
DA:84,0
DA:86,0
DA:87,0
DA:88,0
LF:47
LH:14
BRDA:30,0,0,0
BRDA:30,0,1,0
BRDA:39,1,0,0
BRDA:39,1,1,0
BRDA:39,1,2,0
BRDA:42,2,0,0
BRDA:42,2,1,0
BRDA:54,3,0,0
BRDA:54,3,1,0
BRDA:66,4,0,0
BRDA:66,4,1,0
BRDA:81,5,0,0
BRDA:81,5,1,0
BRF:13
BRH:0
end_of_record
